<?xml version="1.0" encoding="UTF-8"?>
<!-- Generated by org.testng.reporters.JUnitReportReporter -->
<testsuite hostname="DucNguyen-PC" name="selenium_api.Topic_01_CheckEnvironment" tests="1" failures="0" timestamp="10 Sep 2018 16:32:26 GMT" time="5.088" errors="0">
  <testcase name="TC_01_CheckBrowser" time="5.088" classname="selenium_api.Topic_01_CheckEnvironment"/>
</testsuite> <!-- selenium_api.Topic_01_CheckEnvironment -->
